
22:54:37.245 [info] Application logger started at :nonode@nohost

22:54:37.246 [info] Application xp_mime started at :nonode@nohost

22:54:37.246 [info] Application xp_hpax started at :nonode@nohost

22:54:37.246 [info] Application crypto started at :nonode@nohost

22:54:37.246 [info] Application asn1 started at :nonode@nohost

22:54:37.246 [info] Application public_key started at :nonode@nohost

22:54:37.247 [debug] Child :ssl_handler of Supervisor :logger_sup started
Pid: #PID<0.104.0>
Start Call: :logger_olp.start_link(:logger_std_h_ssl_handler, :logger_h_common, %{id: :ssl_handler, module: :logger_std_h, config: %{type: :standard_io, filesync_repeat_interval: :no_repeat}, level: :debug, filters: [], formatter: {:ssl_logger, %{}}, filter_default: :stop}, %{})
Restart: :temporary
Shutdown: 2000
Type: :worker

22:54:37.248 [info] Child :ssl_pem_cache of Supervisor :ssl_admin_sup started
Pid: #PID<0.108.0>
Start Call: :ssl_pem_cache.start_link([])
Restart: :permanent
Shutdown: 4000
Type: :worker

22:54:37.249 [info] Child :ssl_manager of Supervisor :ssl_admin_sup started
Pid: #PID<0.109.0>
Start Call: :ssl_manager.start_link([])
Restart: :permanent
Shutdown: 4000
Type: :worker

22:54:37.250 [info] Child :tls_client_ticket_store of Supervisor :ssl_admin_sup started
Pid: #PID<0.110.0>
Start Call: :tls_client_ticket_store.start_link(1000, 7200)
Restart: :permanent
Shutdown: 4000
Type: :worker

22:54:37.250 [info] Child :ssl_admin_sup of Supervisor :ssl_sup started
Pid: #PID<0.107.0>
Start Call: :ssl_admin_sup.start_link()
Restart: :permanent
Shutdown: 4000
Type: :supervisor

22:54:37.250 [info] Child :tls_connection_sup of Supervisor :tls_sup started
Pid: #PID<0.113.0>
Start Call: :tls_connection_sup.start_link()
Restart: :permanent
Shutdown: 4000
Type: :supervisor

22:54:37.251 [info] Child :ssl_listen_tracker_sup of Supervisor :tls_server_sup started
Pid: #PID<0.115.0>
Start Call: :ssl_listen_tracker_sup.start_link()
Restart: :permanent
Shutdown: 4000
Type: :supervisor

22:54:37.251 [info] Child :tls_server_session_ticket of Supervisor :tls_server_sup started
Pid: #PID<0.116.0>
Start Call: :tls_server_session_ticket_sup.start_link()
Restart: :permanent
Shutdown: 4000
Type: :supervisor

22:54:37.251 [info] Child :ssl_server_session_cache_sup of Supervisor :tls_server_sup started
Pid: #PID<0.117.0>
Start Call: :ssl_server_session_cache_sup.start_link()
Restart: :permanent
Shutdown: 4000
Type: :supervisor

22:54:37.252 [info] Child :ssl_upgrade_server_session_cache_sup of Supervisor :tls_server_sup started
Pid: #PID<0.118.0>
Start Call: :ssl_upgrade_server_session_cache_sup.start_link()
Restart: :permanent
Shutdown: 4000
Type: :supervisor

22:54:37.252 [info] Child :tls_server_sup of Supervisor :tls_sup started
Pid: #PID<0.114.0>
Start Call: :tls_server_sup.start_link()
Restart: :permanent
Shutdown: 4000
Type: :supervisor

22:54:37.252 [info] Child :tls_sup of Supervisor :ssl_connection_sup started
Pid: #PID<0.112.0>
Start Call: :tls_sup.start_link()
Restart: :permanent
Shutdown: 4000
Type: :supervisor

22:54:37.252 [info] Child :dtls_connection_sup of Supervisor :dtls_sup started
Pid: #PID<0.120.0>
Start Call: :dtls_connection_sup.start_link()
Restart: :permanent
Shutdown: 4000
Type: :supervisor

22:54:37.253 [info] Child :dtls_listener_sup of Supervisor :dtls_server_sup started
Pid: #PID<0.122.0>
Start Call: :dtls_listener_sup.start_link()
Restart: :permanent
Shutdown: 4000
Type: :supervisor

22:54:37.253 [info] Child :dtls_server_session_cache_sup of Supervisor :dtls_server_sup started
Pid: #PID<0.123.0>
Start Call: :dtls_server_session_cache_sup.start_link()
Restart: :permanent
Shutdown: 4000
Type: :supervisor

22:54:37.253 [info] Child :dtls_server_sup of Supervisor :dtls_sup started
Pid: #PID<0.121.0>
Start Call: :dtls_server_sup.start_link()
Restart: :permanent
Shutdown: 4000
Type: :supervisor

22:54:37.253 [info] Child :dtls_sup of Supervisor :ssl_connection_sup started
Pid: #PID<0.119.0>
Start Call: :dtls_sup.start_link()
Restart: :permanent
Shutdown: 4000
Type: :supervisor

22:54:37.253 [info] Child :ssl_connection_sup of Supervisor :ssl_sup started
Pid: #PID<0.111.0>
Start Call: :ssl_connection_sup.start_link()
Restart: :permanent
Shutdown: 4000
Type: :supervisor

22:54:37.253 [info] Application ssl started at :nonode@nohost

22:54:37.253 [info] Application xp_mint started at :nonode@nohost

22:54:37.253 [info] Application xp_nimble_options started at :nonode@nohost

22:54:37.255 [info] Child XPNimblePool.TaskSupervisor of Supervisor #PID<0.129.0> (Supervisor.Default) started
Pid: #PID<0.130.0>
Start Call: Task.Supervisor.start_link([name: XPNimblePool.TaskSupervisor])
Restart: :permanent
Shutdown: :infinity
Type: :supervisor

22:54:37.255 [info] Application xp_nimble_pool started at :nonode@nohost

22:54:37.256 [info] Child :telemetry_handler_table of Supervisor :telemetry_sup started
Pid: #PID<0.134.0>
Start Call: :telemetry_handler_table.start_link()
Restart: :permanent
Shutdown: 5000
Type: :worker

22:54:37.256 [info] Application xp_telemetry started at :nonode@nohost

22:54:37.256 [info] Application xp_finch started at :nonode@nohost

22:54:37.263 [info] Child XPReq.Finch.PIDPartition0 of Supervisor XPReq.Finch started
Pid: #PID<0.140.0>
Start Call: Registry.Partition.start_link(XPReq.Finch.PIDPartition0, {:duplicate, XPReq.Finch, 0, 1, XPReq.Finch.KeyPartition0, XPReq.Finch.PIDPartition0, [], false})
Restart: :permanent
Shutdown: 5000
Type: :worker

22:54:37.263 [info] Child XPReq.Finch of Supervisor XPReq.Finch.Supervisor started
Pid: #PID<0.139.0>
Start Call: Registry.start_link([keys: :duplicate, name: XPReq.Finch, meta: [config: %{pools: %{}, registry_name: XPReq.Finch, supervisor_name: XPReq.Finch.PoolSupervisor, manager_name: XPReq.Finch.PoolManager, default_pool_config: %{count: 1, size: 50, mod: XPFinch.HTTP1.Pool, conn_opts: [protocols: [:http1], transport_opts: [keepalive: true, nodelay: true, timeout: 5000], ssl_key_log_file_device: nil], pool_max_idle_time: :infinity, conn_max_idle_time: :infinity, start_pool_metrics?: false}}]])
Restart: :permanent
Shutdown: :infinity
Type: :supervisor

22:54:37.263 [info] Child XPReq.Finch.PoolSupervisor of Supervisor XPReq.Finch.Supervisor started
Pid: #PID<0.141.0>
Start Call: DynamicSupervisor.start_link([name: XPReq.Finch.PoolSupervisor, strategy: :one_for_one])
Restart: :permanent
Shutdown: :infinity
Type: :supervisor

22:54:37.263 [info] Child XPFinch.PoolManager of Supervisor XPReq.Finch.Supervisor started
Pid: #PID<0.142.0>
Start Call: XPFinch.PoolManager.start_link(%{pools: %{}, registry_name: XPReq.Finch, supervisor_name: XPReq.Finch.PoolSupervisor, manager_name: XPReq.Finch.PoolManager, default_pool_config: %{count: 1, size: 50, mod: XPFinch.HTTP1.Pool, conn_opts: [protocols: [:http1], transport_opts: [keepalive: true, nodelay: true, timeout: 5000], ssl_key_log_file_device: nil], pool_max_idle_time: :infinity, conn_max_idle_time: :infinity, start_pool_metrics?: false}})
Restart: :permanent
Shutdown: 5000
Type: :worker

22:54:37.263 [info] Child XPReq.Finch of Supervisor #PID<0.137.0> (Supervisor.Default) started
Pid: #PID<0.138.0>
Start Call: XPFinch.start_link([name: XPReq.Finch, pools: %{default: [protocols: [:http1]]}])
Restart: :permanent
Shutdown: 5000
Type: :worker

22:54:37.263 [info] Child XPReq.FinchSupervisor of Supervisor #PID<0.137.0> (Supervisor.Default) started
Pid: #PID<0.143.0>
Start Call: DynamicSupervisor.start_link([strategy: :one_for_one, name: XPReq.FinchSupervisor])
Restart: :permanent
Shutdown: :infinity
Type: :supervisor

22:54:37.263 [info] Child XPReq.Test.Ownership of Supervisor #PID<0.137.0> (Supervisor.Default) started
Pid: #PID<0.144.0>
Start Call: XPReq.Test.Ownership.start_link([name: XPReq.Test.Ownership])
Restart: :permanent
Shutdown: 5000
Type: :worker

22:54:37.263 [info] Application xp_req started at :nonode@nohost

22:54:37.263 [info] Application burrito started at :nonode@nohost

22:54:37.265 [info] Child XPBriefly.Entry of Supervisor XPBriefly.Supervisor started
Pid: #PID<0.148.0>
Start Call: XPBriefly.Entry.start_link([])
Restart: :permanent
Shutdown: 5000
Type: :worker

22:54:37.265 [info] Application xp_briefly started at :nonode@nohost

22:54:37.265 [info] Application xp_schematic started at :nonode@nohost

22:54:37.265 [info] Application xp_typed_struct started at :nonode@nohost

22:54:37.265 [info] Application xp_gen_lsp started at :nonode@nohost

22:54:37.268 [info] Child XPSnowflake.Generator of Supervisor #PID<0.151.0> (Supervisor.Default) started
Pid: #PID<0.152.0>
Start Call: XPSnowflake.Generator.start_link(0, 1023)
Restart: :permanent
Shutdown: 5000
Type: :worker

22:54:37.268 [info] Application xp_snowflake started at :nonode@nohost

22:54:37.268 [info] Application xp_sourceror started at :nonode@nohost

22:54:37.269 [info] Application xp_spitfire started at :nonode@nohost

22:54:37.269 [info] Application xp_forge started at :nonode@nohost

22:54:37.270 [info] Child :ttb_autostart of Supervisor :runtime_tools_sup started
Pid: #PID<0.156.0>
Start Call: :ttb_autostart.start_link()
Restart: :temporary
Shutdown: 3000
Type: :worker

22:54:37.270 [info] Application runtime_tools started at :nonode@nohost

22:54:37.270 [info] Application et started at :nonode@nohost

22:54:37.270 [info] Application observer started at :nonode@nohost

22:54:37.270 [info] Application xp_path_glob started at :nonode@nohost

22:54:37.276 instance_id=19CC36DC657 [info] Starting NodePortMapper on nonode@nohost

22:54:37.276 instance_id=19CC36DC657 [info] Child XPForge.NodePortMapper of Supervisor XPExpert.Supervisor started
Pid: #PID<0.161.0>
Start Call: XPForge.NodePortMapper.start_link([])
Restart: :permanent
Shutdown: 5000
Type: :worker

22:54:37.277 instance_id=19CC36DC657 [info] Child XPForge.Document.Store of Supervisor XPExpert.Supervisor started
Pid: #PID<0.162.0>
Start Call: XPForge.Document.Store.start_link([derive: [analysis: &XPForge.Ast.analyze/1]])
Restart: :permanent
Shutdown: 5000
Type: :worker

22:54:37.277 instance_id=19CC36DC657 [info] Child XPExpert.ProjectSupervisor of Supervisor XPExpert.Supervisor started
Pid: #PID<0.163.0>
Start Call: DynamicSupervisor.start_link([name: XPExpert.ProjectSupervisor, strategy: :one_for_one])
Restart: :permanent
Shutdown: :infinity
Type: :supervisor

22:54:37.277 instance_id=19CC36DC657 [info] Child XPExpert.DynamicSupervisor of Supervisor XPExpert.Supervisor started
Pid: #PID<0.164.0>
Start Call: DynamicSupervisor.start_link([name: XPExpert.DynamicSupervisor])
Restart: :permanent
Shutdown: :infinity
Type: :supervisor

22:54:37.278 instance_id=19CC36DC657 [info] Child XPGenLSP.Assigns of Supervisor XPExpert.Supervisor started
Pid: #PID<0.165.0>
Start Call: XPGenLSP.Assigns.start_link([name: XPExpert.Assigns])
Restart: :permanent
Shutdown: 5000
Type: :worker

22:54:37.278 instance_id=19CC36DC657 [info] Child :expert_task_queue of Supervisor XPExpert.Supervisor started
Pid: #PID<0.166.0>
Start Call: Task.Supervisor.start_link([name: :expert_task_queue])
Restart: :permanent
Shutdown: :infinity
Type: :supervisor

22:54:37.278 instance_id=19CC36DC657 [info] Child XPGenLSP.Buffer of Supervisor XPExpert.Supervisor started
Pid: #PID<0.167.0>
Start Call: XPGenLSP.Buffer.start_link([name: XPExpert.Buffer])
Restart: :permanent
Shutdown: 5000
Type: :worker

22:54:37.278 instance_id=19CC36DC657 [info] Child XPExpert.ActiveProjects of Supervisor XPExpert.Supervisor started
Pid: #PID<0.168.0>
Start Call: XPExpert.ActiveProjects.start_link()
Restart: :permanent
Shutdown: 5000
Type: :worker

22:54:37.278 instance_id=19CC36DC657 [debug] [name: XPExpert, buffer: XPExpert.Buffer, task_supervisor: :expert_task_queue, dynamic_supervisor: XPExpert.DynamicSupervisor, assigns: XPExpert.Assigns]

22:54:37.280 instance_id=19CC36DC657 [info] Child XPExpert of Supervisor XPExpert.Supervisor started
Pid: #PID<0.169.0>
Start Call: XPExpert.start_link([name: XPExpert, buffer: XPExpert.Buffer, task_supervisor: :expert_task_queue, dynamic_supervisor: XPExpert.DynamicSupervisor, assigns: XPExpert.Assigns])
Restart: :permanent
Shutdown: 500
Type: :worker

22:54:37.280 instance_id=19CC36DC657 [info] Application xp_expert started at :nonode@nohost

22:54:37.283 instance_id=19CC36DC657 [error] GenServer XPExpert.Buffer terminating
** (ArgumentError) errors were found at the given arguments:

  * 1st argument: not an iodata term

    :erlang.iolist_to_binary({:error, {:no_translation, :unicode, :latin1}})
    (xp_jason 1.4.4) lib/jason.ex:69: XPJason.decode/2
    (xp_jason 1.4.4) lib/jason.ex:90: XPJason.decode!/2
    (xp_gen_lsp 0.11.3) lib/gen_lsp/buffer.ex:87: anonymous fn/3 in XPGenLSP.Buffer.handle_cast/2
    (xp_telemetry 1.3.0) /Users/runner/work/expert/expert/apps/expert/deps/telemetry/src/telemetry.erl:324: :xp_telemetry.span/3
    (xp_gen_lsp 0.11.3) lib/gen_lsp/buffer.ex:85: XPGenLSP.Buffer.handle_cast/2
    (stdlib 6.2.2.1) gen_server.erl:2371: :gen_server.try_handle_cast/3
    (stdlib 6.2.2.1) gen_server.erl:2433: :gen_server.handle_msg/6
Last message: {:"$gen_cast", {:incoming, {:error, {:no_translation, :unicode, :latin1}}}}
State: %{awaiting_response: %{}, comm_data: nil, comm: XPGenLSP.Communication.Stdio, lsp: #PID<0.169.0>}

22:54:37.285 instance_id=19CC36DC657 [error] Process XPExpert.Buffer (#PID<0.167.0>) terminating
** (ArgumentError) errors were found at the given arguments:

  * 1st argument: not an iodata term

    :erlang.iolist_to_binary({:error, {:no_translation, :unicode, :latin1}})
    (xp_jason 1.4.4) lib/jason.ex:69: XPJason.decode/2
    (xp_jason 1.4.4) lib/jason.ex:90: XPJason.decode!/2
    (xp_gen_lsp 0.11.3) lib/gen_lsp/buffer.ex:87: anonymous fn/3 in XPGenLSP.Buffer.handle_cast/2
    (xp_telemetry 1.3.0) /Users/runner/work/expert/expert/apps/expert/deps/telemetry/src/telemetry.erl:324: :xp_telemetry.span/3
    (xp_gen_lsp 0.11.3) lib/gen_lsp/buffer.ex:85: XPGenLSP.Buffer.handle_cast/2
    (stdlib 6.2.2.1) gen_server.erl:2371: :gen_server.try_handle_cast/3
    (stdlib 6.2.2.1) gen_server.erl:2433: :gen_server.handle_msg/6
Initial Call: XPGenLSP.Buffer.init/1
Ancestors: [XPExpert.Supervisor, #PID<0.158.0>]
Message Queue Length: 0
Messages: []
Links: [#PID<0.160.0>, #PID<0.170.0>]
Dictionary: []
Trapping Exits: false
Status: :running
Heap Size: 17731
Stack Size: 29
Reductions: 9501
Neighbours:
    #PID<0.170.0>
        Initial Call: anonymous fn/0 in XPGenLSP.Buffer.read/2
        Current Call: :io.execute_request/3
        Ancestors: [#PID<0.167.0>, XPExpert.Supervisor, #PID<0.158.0>]
        Message Queue Length: 0
        Links: [#PID<0.167.0>]
        Trapping Exits: false
        Status: :waiting
        Heap Size: 987
        Stack Size: 33
        Reductions: 712
        Current Stacktrace:
            (stdlib 6.2.2.1) io.erl:1637: :io.execute_request/3
            (xp_gen_lsp 0.11.3) lib/gen_lsp/communication/stdio.ex:59: XPGenLSP.Communication.Stdio.read_header/1
            (xp_gen_lsp 0.11.3) lib/gen_lsp/communication/stdio.ex:38: XPGenLSP.Communication.Stdio.read/2
            (xp_gen_lsp 0.11.3) lib/gen_lsp/buffer.ex:139: anonymous fn/4 in XPGenLSP.Buffer.read/2
            (elixir 1.17.3) lib/stream.ex:1689: Stream.do_resource/5
            (elixir 1.17.3) lib/enum.ex:4423: Enum.reverse/1
            (elixir 1.17.3) lib/enum.ex:3748: Enum.to_list/1
            (elixir 1.17.3) lib/task/supervised.ex:101: Task.Supervised.invoke_mfa/2

22:54:37.285 instance_id=19CC36DC657 [error] Child XPGenLSP.Buffer of Supervisor XPExpert.Supervisor terminated
** (exit) an exception was raised:
    ** (ArgumentError) errors were found at the given arguments:

  * 1st argument: not an iodata term

        :erlang.iolist_to_binary({:error, {:no_translation, :unicode, :latin1}})
        (xp_jason 1.4.4) lib/jason.ex:69: XPJason.decode/2
        (xp_jason 1.4.4) lib/jason.ex:90: XPJason.decode!/2
        (xp_gen_lsp 0.11.3) lib/gen_lsp/buffer.ex:87: anonymous fn/3 in XPGenLSP.Buffer.handle_cast/2
        (xp_telemetry 1.3.0) /Users/runner/work/expert/expert/apps/expert/deps/telemetry/src/telemetry.erl:324: :xp_telemetry.span/3
        (xp_gen_lsp 0.11.3) lib/gen_lsp/buffer.ex:85: XPGenLSP.Buffer.handle_cast/2
        (stdlib 6.2.2.1) gen_server.erl:2371: :gen_server.try_handle_cast/3
        (stdlib 6.2.2.1) gen_server.erl:2433: :gen_server.handle_msg/6
Pid: #PID<0.167.0>
Start Call: XPGenLSP.Buffer.start_link([name: XPExpert.Buffer])
Restart: :permanent
Shutdown: 5000
Type: :worker

22:54:37.285 instance_id=19CC36DC657 [info] Child XPGenLSP.Buffer of Supervisor XPExpert.Supervisor started
Pid: #PID<0.171.0>
Start Call: XPGenLSP.Buffer.start_link([name: XPExpert.Buffer])
Restart: :permanent
Shutdown: 5000
Type: :worker

16:28:52.169 [info] Application logger started at :nonode@nohost

16:28:52.170 [info] Application xp_mime started at :nonode@nohost

16:28:52.170 [info] Application xp_hpax started at :nonode@nohost

16:28:52.170 [info] Application crypto started at :nonode@nohost

16:28:52.170 [info] Application asn1 started at :nonode@nohost

16:28:52.170 [info] Application public_key started at :nonode@nohost

16:28:52.172 [debug] Child :ssl_handler of Supervisor :logger_sup started
Pid: #PID<0.104.0>
Start Call: :logger_olp.start_link(:logger_std_h_ssl_handler, :logger_h_common, %{id: :ssl_handler, module: :logger_std_h, config: %{type: :standard_io, filesync_repeat_interval: :no_repeat}, level: :debug, filter_default: :stop, filters: [], formatter: {:ssl_logger, %{}}}, %{})
Restart: :temporary
Shutdown: 2000
Type: :worker

16:28:52.174 [info] Child :ssl_pem_cache of Supervisor :ssl_admin_sup started
Pid: #PID<0.108.0>
Start Call: :ssl_pem_cache.start_link([])
Restart: :permanent
Shutdown: 4000
Type: :worker

16:28:52.176 [info] Child :ssl_manager of Supervisor :ssl_admin_sup started
Pid: #PID<0.109.0>
Start Call: :ssl_manager.start_link([])
Restart: :permanent
Shutdown: 4000
Type: :worker

16:28:52.177 [info] Child :tls_client_ticket_store of Supervisor :ssl_admin_sup started
Pid: #PID<0.110.0>
Start Call: :tls_client_ticket_store.start_link(1000, 7200)
Restart: :permanent
Shutdown: 4000
Type: :worker

16:28:52.177 [info] Child :ssl_admin_sup of Supervisor :ssl_sup started
Pid: #PID<0.107.0>
Start Call: :ssl_admin_sup.start_link()
Restart: :permanent
Shutdown: 4000
Type: :supervisor

16:28:52.178 [info] Child :tls_connection_sup of Supervisor :tls_sup started
Pid: #PID<0.113.0>
Start Call: :tls_connection_sup.start_link()
Restart: :permanent
Shutdown: 4000
Type: :supervisor

16:28:52.179 [info] Child :ssl_listen_tracker_sup of Supervisor :tls_server_sup started
Pid: #PID<0.115.0>
Start Call: :ssl_listen_tracker_sup.start_link()
Restart: :permanent
Shutdown: 4000
Type: :supervisor

16:28:52.180 [info] Child :tls_server_session_ticket of Supervisor :tls_server_sup started
Pid: #PID<0.116.0>
Start Call: :tls_server_session_ticket_sup.start_link()
Restart: :permanent
Shutdown: 4000
Type: :supervisor

16:28:52.180 [info] Child :ssl_server_session_cache_sup of Supervisor :tls_server_sup started
Pid: #PID<0.117.0>
Start Call: :ssl_server_session_cache_sup.start_link()
Restart: :permanent
Shutdown: 4000
Type: :supervisor

16:28:52.181 [info] Child :ssl_upgrade_server_session_cache_sup of Supervisor :tls_server_sup started
Pid: #PID<0.118.0>
Start Call: :ssl_upgrade_server_session_cache_sup.start_link()
Restart: :permanent
Shutdown: 4000
Type: :supervisor

16:28:52.181 [info] Child :tls_server_sup of Supervisor :tls_sup started
Pid: #PID<0.114.0>
Start Call: :tls_server_sup.start_link()
Restart: :permanent
Shutdown: 4000
Type: :supervisor

16:28:52.181 [info] Child :tls_sup of Supervisor :ssl_connection_sup started
Pid: #PID<0.112.0>
Start Call: :tls_sup.start_link()
Restart: :permanent
Shutdown: 4000
Type: :supervisor

16:28:52.181 [info] Child :dtls_connection_sup of Supervisor :dtls_sup started
Pid: #PID<0.120.0>
Start Call: :dtls_connection_sup.start_link()
Restart: :permanent
Shutdown: 4000
Type: :supervisor

16:28:52.182 [info] Child :dtls_listener_sup of Supervisor :dtls_server_sup started
Pid: #PID<0.122.0>
Start Call: :dtls_listener_sup.start_link()
Restart: :permanent
Shutdown: 4000
Type: :supervisor

16:28:52.182 [info] Child :dtls_server_session_cache_sup of Supervisor :dtls_server_sup started
Pid: #PID<0.123.0>
Start Call: :dtls_server_session_cache_sup.start_link()
Restart: :permanent
Shutdown: 4000
Type: :supervisor

16:28:52.182 [info] Child :dtls_server_sup of Supervisor :dtls_sup started
Pid: #PID<0.121.0>
Start Call: :dtls_server_sup.start_link()
Restart: :permanent
Shutdown: 4000
Type: :supervisor

16:28:52.182 [info] Child :dtls_sup of Supervisor :ssl_connection_sup started
Pid: #PID<0.119.0>
Start Call: :dtls_sup.start_link()
Restart: :permanent
Shutdown: 4000
Type: :supervisor

16:28:52.182 [info] Child :ssl_connection_sup of Supervisor :ssl_sup started
Pid: #PID<0.111.0>
Start Call: :ssl_connection_sup.start_link()
Restart: :permanent
Shutdown: 4000
Type: :supervisor

16:28:52.182 [info] Application ssl started at :nonode@nohost

16:28:52.183 [info] Application xp_mint started at :nonode@nohost

16:28:52.183 [info] Application xp_nimble_options started at :nonode@nohost

16:28:52.185 [info] Child XPNimblePool.TaskSupervisor of Supervisor #PID<0.129.0> (Supervisor.Default) started
Pid: #PID<0.130.0>
Start Call: Task.Supervisor.start_link([name: XPNimblePool.TaskSupervisor])
Restart: :permanent
Shutdown: :infinity
Type: :supervisor

16:28:52.186 [info] Application xp_nimble_pool started at :nonode@nohost

16:28:52.187 [info] Child :telemetry_handler_table of Supervisor :telemetry_sup started
Pid: #PID<0.134.0>
Start Call: :telemetry_handler_table.start_link()
Restart: :permanent
Shutdown: 5000
Type: :worker

16:28:52.187 [info] Application xp_telemetry started at :nonode@nohost

16:28:52.187 [info] Application xp_finch started at :nonode@nohost

16:28:52.199 [info] Child XPReq.Finch.PIDPartition0 of Supervisor XPReq.Finch started
Pid: #PID<0.140.0>
Start Call: Registry.Partition.start_link(XPReq.Finch.PIDPartition0, {:duplicate, XPReq.Finch, 0, 1, XPReq.Finch.KeyPartition0, XPReq.Finch.PIDPartition0, [], false})
Restart: :permanent
Shutdown: 5000
Type: :worker

16:28:52.199 [info] Child XPReq.Finch of Supervisor XPReq.Finch.Supervisor started
Pid: #PID<0.139.0>
Start Call: Registry.start_link([keys: :duplicate, name: XPReq.Finch, meta: [config: %{pools: %{}, registry_name: XPReq.Finch, supervisor_name: XPReq.Finch.PoolSupervisor, manager_name: XPReq.Finch.PoolManager, default_pool_config: %{count: 1, size: 50, mod: XPFinch.HTTP1.Pool, conn_opts: [protocols: [:http1], transport_opts: [keepalive: true, nodelay: true, timeout: 5000], ssl_key_log_file_device: nil], pool_max_idle_time: :infinity, conn_max_idle_time: :infinity, start_pool_metrics?: false}}]])
Restart: :permanent
Shutdown: :infinity
Type: :supervisor

16:28:52.199 [info] Child XPReq.Finch.PoolSupervisor of Supervisor XPReq.Finch.Supervisor started
Pid: #PID<0.141.0>
Start Call: DynamicSupervisor.start_link([name: XPReq.Finch.PoolSupervisor, strategy: :one_for_one])
Restart: :permanent
Shutdown: :infinity
Type: :supervisor

16:28:52.199 [info] Child XPFinch.PoolManager of Supervisor XPReq.Finch.Supervisor started
Pid: #PID<0.142.0>
Start Call: XPFinch.PoolManager.start_link(%{pools: %{}, registry_name: XPReq.Finch, supervisor_name: XPReq.Finch.PoolSupervisor, manager_name: XPReq.Finch.PoolManager, default_pool_config: %{count: 1, size: 50, mod: XPFinch.HTTP1.Pool, conn_opts: [protocols: [:http1], transport_opts: [keepalive: true, nodelay: true, timeout: 5000], ssl_key_log_file_device: nil], pool_max_idle_time: :infinity, conn_max_idle_time: :infinity, start_pool_metrics?: false}})
Restart: :permanent
Shutdown: 5000
Type: :worker

16:28:52.199 [info] Child XPReq.Finch of Supervisor #PID<0.137.0> (Supervisor.Default) started
Pid: #PID<0.138.0>
Start Call: XPFinch.start_link([name: XPReq.Finch, pools: %{default: [protocols: [:http1]]}])
Restart: :permanent
Shutdown: 5000
Type: :worker

16:28:52.199 [info] Child XPReq.FinchSupervisor of Supervisor #PID<0.137.0> (Supervisor.Default) started
Pid: #PID<0.143.0>
Start Call: DynamicSupervisor.start_link([strategy: :one_for_one, name: XPReq.FinchSupervisor])
Restart: :permanent
Shutdown: :infinity
Type: :supervisor

16:28:52.199 [info] Child XPReq.Test.Ownership of Supervisor #PID<0.137.0> (Supervisor.Default) started
Pid: #PID<0.144.0>
Start Call: XPReq.Test.Ownership.start_link([name: XPReq.Test.Ownership])
Restart: :permanent
Shutdown: 5000
Type: :worker

16:28:52.199 [info] Application xp_req started at :nonode@nohost

16:28:52.199 [info] Application burrito started at :nonode@nohost

16:28:52.201 [info] Child XPBriefly.Entry of Supervisor XPBriefly.Supervisor started
Pid: #PID<0.148.0>
Start Call: XPBriefly.Entry.start_link([])
Restart: :permanent
Shutdown: 5000
Type: :worker

16:28:52.201 [info] Application xp_briefly started at :nonode@nohost

16:28:52.201 [info] Application xp_schematic started at :nonode@nohost

16:28:52.201 [info] Application xp_typed_struct started at :nonode@nohost

16:28:52.201 [info] Application xp_gen_lsp started at :nonode@nohost

16:28:52.209 [info] Child XPSnowflake.Generator of Supervisor #PID<0.151.0> (Supervisor.Default) started
Pid: #PID<0.152.0>
Start Call: XPSnowflake.Generator.start_link(0, 1023)
Restart: :permanent
Shutdown: 5000
Type: :worker

16:28:52.209 [info] Application xp_snowflake started at :nonode@nohost

16:28:52.209 [info] Application xp_sourceror started at :nonode@nohost

16:28:52.209 [info] Application xp_spitfire started at :nonode@nohost

16:28:52.209 [info] Application xp_forge started at :nonode@nohost

16:28:52.213 [info] Child :ttb_autostart of Supervisor :runtime_tools_sup started
Pid: #PID<0.156.0>
Start Call: :ttb_autostart.start_link()
Restart: :temporary
Shutdown: 3000
Type: :worker

16:28:52.213 [info] Application runtime_tools started at :nonode@nohost

16:28:52.213 [info] Application et started at :nonode@nohost

16:28:52.213 [info] Application observer started at :nonode@nohost

16:28:52.213 [info] Application xp_path_glob started at :nonode@nohost

16:28:52.223 instance_id=19CCC5953F6 [info] Starting NodePortMapper on nonode@nohost

16:28:52.224 instance_id=19CCC5953F6 [info] Child XPForge.NodePortMapper of Supervisor XPExpert.Supervisor started
Pid: #PID<0.161.0>
Start Call: XPForge.NodePortMapper.start_link([])
Restart: :permanent
Shutdown: 5000
Type: :worker

16:28:52.225 instance_id=19CCC5953F6 [info] Child XPForge.Document.Store of Supervisor XPExpert.Supervisor started
Pid: #PID<0.162.0>
Start Call: XPForge.Document.Store.start_link([derive: [analysis: &XPForge.Ast.analyze/1]])
Restart: :permanent
Shutdown: 5000
Type: :worker

16:28:52.225 instance_id=19CCC5953F6 [info] Child XPExpert.ProjectSupervisor of Supervisor XPExpert.Supervisor started
Pid: #PID<0.163.0>
Start Call: DynamicSupervisor.start_link([name: XPExpert.ProjectSupervisor, strategy: :one_for_one])
Restart: :permanent
Shutdown: :infinity
Type: :supervisor

16:28:52.225 instance_id=19CCC5953F6 [info] Child XPExpert.DynamicSupervisor of Supervisor XPExpert.Supervisor started
Pid: #PID<0.164.0>
Start Call: DynamicSupervisor.start_link([name: XPExpert.DynamicSupervisor])
Restart: :permanent
Shutdown: :infinity
Type: :supervisor

16:28:52.226 instance_id=19CCC5953F6 [info] Child XPGenLSP.Assigns of Supervisor XPExpert.Supervisor started
Pid: #PID<0.165.0>
Start Call: XPGenLSP.Assigns.start_link([name: XPExpert.Assigns])
Restart: :permanent
Shutdown: 5000
Type: :worker

16:28:52.226 instance_id=19CCC5953F6 [info] Child :expert_task_queue of Supervisor XPExpert.Supervisor started
Pid: #PID<0.166.0>
Start Call: Task.Supervisor.start_link([name: :expert_task_queue])
Restart: :permanent
Shutdown: :infinity
Type: :supervisor

16:28:52.227 instance_id=19CCC5953F6 [info] Child XPGenLSP.Buffer of Supervisor XPExpert.Supervisor started
Pid: #PID<0.167.0>
Start Call: XPGenLSP.Buffer.start_link([name: XPExpert.Buffer])
Restart: :permanent
Shutdown: 5000
Type: :worker

16:28:52.227 instance_id=19CCC5953F6 [info] Child XPExpert.ActiveProjects of Supervisor XPExpert.Supervisor started
Pid: #PID<0.168.0>
Start Call: XPExpert.ActiveProjects.start_link()
Restart: :permanent
Shutdown: 5000
Type: :worker

16:28:52.227 instance_id=19CCC5953F6 [debug] [name: XPExpert, buffer: XPExpert.Buffer, task_supervisor: :expert_task_queue, dynamic_supervisor: XPExpert.DynamicSupervisor, assigns: XPExpert.Assigns]

16:28:52.231 instance_id=19CCC5953F6 [info] Child XPExpert of Supervisor XPExpert.Supervisor started
Pid: #PID<0.169.0>
Start Call: XPExpert.start_link([name: XPExpert, buffer: XPExpert.Buffer, task_supervisor: :expert_task_queue, dynamic_supervisor: XPExpert.DynamicSupervisor, assigns: XPExpert.Assigns])
Restart: :permanent
Shutdown: 500
Type: :worker

16:28:52.231 instance_id=19CCC5953F6 [info] Application xp_expert started at :nonode@nohost

16:28:52.235 instance_id=19CCC5953F6 [error] GenServer XPExpert.Buffer terminating
** (ArgumentError) errors were found at the given arguments:

  * 1st argument: not an iodata term

    :erlang.iolist_to_binary({:error, {:no_translation, :unicode, :latin1}})
    (xp_jason 1.4.4) lib/jason.ex:69: XPJason.decode/2
    (xp_jason 1.4.4) lib/jason.ex:90: XPJason.decode!/2
    (xp_gen_lsp 0.11.3) lib/gen_lsp/buffer.ex:87: anonymous fn/3 in XPGenLSP.Buffer.handle_cast/2
    (xp_telemetry 1.3.0) /Users/runner/work/expert/expert/apps/expert/deps/telemetry/src/telemetry.erl:324: :xp_telemetry.span/3
    (xp_gen_lsp 0.11.3) lib/gen_lsp/buffer.ex:85: XPGenLSP.Buffer.handle_cast/2
    (stdlib 6.2.2.1) gen_server.erl:2371: :gen_server.try_handle_cast/3
    (stdlib 6.2.2.1) gen_server.erl:2433: :gen_server.handle_msg/6
Last message: {:"$gen_cast", {:incoming, {:error, {:no_translation, :unicode, :latin1}}}}
State: %{awaiting_response: %{}, comm_data: nil, comm: XPGenLSP.Communication.Stdio, lsp: #PID<0.169.0>}

16:28:52.237 instance_id=19CCC5953F6 [error] Process XPExpert.Buffer (#PID<0.167.0>) terminating
** (ArgumentError) errors were found at the given arguments:

  * 1st argument: not an iodata term

    :erlang.iolist_to_binary({:error, {:no_translation, :unicode, :latin1}})
    (xp_jason 1.4.4) lib/jason.ex:69: XPJason.decode/2
    (xp_jason 1.4.4) lib/jason.ex:90: XPJason.decode!/2
    (xp_gen_lsp 0.11.3) lib/gen_lsp/buffer.ex:87: anonymous fn/3 in XPGenLSP.Buffer.handle_cast/2
    (xp_telemetry 1.3.0) /Users/runner/work/expert/expert/apps/expert/deps/telemetry/src/telemetry.erl:324: :xp_telemetry.span/3
    (xp_gen_lsp 0.11.3) lib/gen_lsp/buffer.ex:85: XPGenLSP.Buffer.handle_cast/2
    (stdlib 6.2.2.1) gen_server.erl:2371: :gen_server.try_handle_cast/3
    (stdlib 6.2.2.1) gen_server.erl:2433: :gen_server.handle_msg/6
Initial Call: XPGenLSP.Buffer.init/1
Ancestors: [XPExpert.Supervisor, #PID<0.158.0>]
Message Queue Length: 0
Messages: []
Links: [#PID<0.160.0>, #PID<0.170.0>]
Dictionary: []
Trapping Exits: false
Status: :running
Heap Size: 17731
Stack Size: 29
Reductions: 9501
Neighbours:
    #PID<0.170.0>
        Initial Call: anonymous fn/0 in XPGenLSP.Buffer.read/2
        Current Call: :io.execute_request/3
        Ancestors: [#PID<0.167.0>, XPExpert.Supervisor, #PID<0.158.0>]
        Message Queue Length: 0
        Links: [#PID<0.167.0>]
        Trapping Exits: false
        Status: :waiting
        Heap Size: 987
        Stack Size: 33
        Reductions: 712
        Current Stacktrace:
            (stdlib 6.2.2.1) io.erl:1637: :io.execute_request/3
            (xp_gen_lsp 0.11.3) lib/gen_lsp/communication/stdio.ex:59: XPGenLSP.Communication.Stdio.read_header/1
            (xp_gen_lsp 0.11.3) lib/gen_lsp/communication/stdio.ex:38: XPGenLSP.Communication.Stdio.read/2
            (xp_gen_lsp 0.11.3) lib/gen_lsp/buffer.ex:139: anonymous fn/4 in XPGenLSP.Buffer.read/2
            (elixir 1.17.3) lib/stream.ex:1689: Stream.do_resource/5
            (elixir 1.17.3) lib/enum.ex:4423: Enum.reverse/1
            (elixir 1.17.3) lib/enum.ex:3748: Enum.to_list/1
            (elixir 1.17.3) lib/task/supervised.ex:101: Task.Supervised.invoke_mfa/2

16:28:52.237 instance_id=19CCC5953F6 [error] Child XPGenLSP.Buffer of Supervisor XPExpert.Supervisor terminated
** (exit) an exception was raised:
    ** (ArgumentError) errors were found at the given arguments:

  * 1st argument: not an iodata term

        :erlang.iolist_to_binary({:error, {:no_translation, :unicode, :latin1}})
        (xp_jason 1.4.4) lib/jason.ex:69: XPJason.decode/2
        (xp_jason 1.4.4) lib/jason.ex:90: XPJason.decode!/2
        (xp_gen_lsp 0.11.3) lib/gen_lsp/buffer.ex:87: anonymous fn/3 in XPGenLSP.Buffer.handle_cast/2
        (xp_telemetry 1.3.0) /Users/runner/work/expert/expert/apps/expert/deps/telemetry/src/telemetry.erl:324: :xp_telemetry.span/3
        (xp_gen_lsp 0.11.3) lib/gen_lsp/buffer.ex:85: XPGenLSP.Buffer.handle_cast/2
        (stdlib 6.2.2.1) gen_server.erl:2371: :gen_server.try_handle_cast/3
        (stdlib 6.2.2.1) gen_server.erl:2433: :gen_server.handle_msg/6
Pid: #PID<0.167.0>
Start Call: XPGenLSP.Buffer.start_link([name: XPExpert.Buffer])
Restart: :permanent
Shutdown: 5000
Type: :worker

16:28:52.238 instance_id=19CCC5953F6 [info] Child XPGenLSP.Buffer of Supervisor XPExpert.Supervisor started
Pid: #PID<0.171.0>
Start Call: XPGenLSP.Buffer.start_link([name: XPExpert.Buffer])
Restart: :permanent
Shutdown: 5000
Type: :worker
